<?xml version="1.0" encoding="UTF-8"?>
<!-- Generated by org.testng.reporters.JUnitReportReporter -->
<testsuite skipped="0" hostname="DESKTOP-P92S73M" name="com.webtest.demo.second" tests="1" failures="0" timestamp="25 十一月 2020 00:38:16 GMT" time="17.724" errors="0">
  <testcase name="test37" time="17.724" classname="com.webtest.demo.second"/>
</testsuite> <!-- com.webtest.demo.second -->
