<?xml version="1.0" encoding="UTF-8"?>
<!-- Generated by org.testng.reporters.JUnitReportReporter -->
<testsuite skipped="0" hostname="DESKTOP-P92S73M" name="com.webtest.demo.ExcelTest" tests="50" failures="0" timestamp="01 十二月 2020 09:50:15 GMT" time="927.516" errors="0">
  <testcase name="test10" time="11.771" classname="com.webtest.demo.ExcelTest"/>
  <testcase name="test24" time="28.235" classname="com.webtest.demo.ExcelTest"/>
  <testcase name="test3" time="23.231" classname="com.webtest.demo.ExcelTest"/>
  <testcase name="test47" time="28.366" classname="com.webtest.demo.ExcelTest"/>
  <testcase name="test15" time="14.087" classname="com.webtest.demo.ExcelTest"/>
  <testcase name="test27" time="12.106" classname="com.webtest.demo.ExcelTest"/>
  <testcase name="test18" time="13.963" classname="com.webtest.demo.ExcelTest"/>
  <testcase name="test2" time="11.733" classname="com.webtest.demo.ExcelTest"/>
  <testcase name="test31" time="13.535" classname="com.webtest.demo.ExcelTest"/>
  <testcase name="test37" time="11.638" classname="com.webtest.demo.ExcelTest"/>
  <testcase name="test32" time="27.570" classname="com.webtest.demo.ExcelTest"/>
  <testcase name="test35" time="13.477" classname="com.webtest.demo.ExcelTest"/>
  <testcase name="test6" time="17.772" classname="com.webtest.demo.ExcelTest"/>
  <testcase name="test16" time="14.007" classname="com.webtest.demo.ExcelTest"/>
  <testcase name="test41" time="13.684" classname="com.webtest.demo.ExcelTest"/>
  <testcase name="test13" time="14.285" classname="com.webtest.demo.ExcelTest"/>
  <testcase name="test42" time="13.190" classname="com.webtest.demo.ExcelTest"/>
  <testcase name="test29" time="13.465" classname="com.webtest.demo.ExcelTest"/>
  <testcase name="test9" time="15.750" classname="com.webtest.demo.ExcelTest"/>
  <testcase name="test34" time="13.651" classname="com.webtest.demo.ExcelTest"/>
  <testcase name="test36" time="11.161" classname="com.webtest.demo.ExcelTest"/>
  <testcase name="test5" time="13.734" classname="com.webtest.demo.ExcelTest"/>
  <testcase name="test45" time="13.654" classname="com.webtest.demo.ExcelTest"/>
  <testcase name="test48" time="25.032" classname="com.webtest.demo.ExcelTest"/>
  <testcase name="test39" time="14.011" classname="com.webtest.demo.ExcelTest"/>
  <testcase name="test11" time="13.565" classname="com.webtest.demo.ExcelTest"/>
  <testcase name="test12" time="13.513" classname="com.webtest.demo.ExcelTest"/>
  <testcase name="test26" time="28.312" classname="com.webtest.demo.ExcelTest"/>
  <testcase name="test7" time="19.706" classname="com.webtest.demo.ExcelTest"/>
  <testcase name="test8" time="23.787" classname="com.webtest.demo.ExcelTest"/>
  <testcase name="test21" time="19.807" classname="com.webtest.demo.ExcelTest"/>
  <testcase name="test25" time="28.534" classname="com.webtest.demo.ExcelTest"/>
  <testcase name="test4" time="15.910" classname="com.webtest.demo.ExcelTest"/>
  <testcase name="test50" time="25.027" classname="com.webtest.demo.ExcelTest"/>
  <testcase name="test28" time="11.673" classname="com.webtest.demo.ExcelTest"/>
  <testcase name="test23" time="31.433" classname="com.webtest.demo.ExcelTest"/>
  <testcase name="test46" time="23.187" classname="com.webtest.demo.ExcelTest"/>
  <testcase name="test22" time="35.490" classname="com.webtest.demo.ExcelTest"/>
  <testcase name="test19" time="37.137" classname="com.webtest.demo.ExcelTest"/>
  <testcase name="test40" time="13.475" classname="com.webtest.demo.ExcelTest"/>
  <testcase name="test33" time="27.578" classname="com.webtest.demo.ExcelTest"/>
  <testcase name="test44" time="13.448" classname="com.webtest.demo.ExcelTest"/>
  <testcase name="test14" time="18.850" classname="com.webtest.demo.ExcelTest"/>
  <testcase name="test38" time="14.384" classname="com.webtest.demo.ExcelTest"/>
  <testcase name="test17" time="14.287" classname="com.webtest.demo.ExcelTest"/>
  <testcase name="test1" time="13.015" classname="com.webtest.demo.ExcelTest"/>
  <testcase name="test49" time="19.788" classname="com.webtest.demo.ExcelTest"/>
  <testcase name="test20" time="35.575" classname="com.webtest.demo.ExcelTest"/>
  <testcase name="test30" time="13.433" classname="com.webtest.demo.ExcelTest"/>
  <testcase name="test43" time="13.494" classname="com.webtest.demo.ExcelTest"/>
</testsuite> <!-- com.webtest.demo.ExcelTest -->
