<?xml version="1.0" encoding="UTF-8"?>
<!-- Generated by org.testng.reporters.JUnitReportReporter -->
<testsuite skipped="0" hostname="DESKTOP-P92S73M" name="com.webtest.demo.test" tests="1" failures="0" timestamp="28 十一月 2020 01:01:17 GMT" time="10.135" errors="0">
  <testcase name="inputTest" time="10.135" classname="com.webtest.demo.test"/>
</testsuite> <!-- com.webtest.demo.test -->
