<?xml version="1.0" encoding="UTF-8"?>
<!-- Generated by org.testng.reporters.JUnitReportReporter -->
<testsuite skipped="0" hostname="172_17_0_9" name="com.lw.selenium.Demo" tests="1" failures="0" timestamp="2020-12-12T14:56:32 CST" time="27.209" errors="0">
  <testcase name="test2" time="27.209" classname="com.lw.selenium.Demo"/>
  <system-out/>
</testsuite> <!-- com.lw.selenium.Demo -->
